Log file open, 01/13/20 11:33:24
LogWindows: Failed to load 'aqProf.dll' (GetLastError=126)
LogWindows: File 'aqProf.dll' does not exist
LogWindows: Failed to load 'VtuneApi.dll' (GetLastError=126)
LogWindows: File 'VtuneApi.dll' does not exist
LogWindows: Failed to load 'VtuneApi32e.dll' (GetLastError=126)
LogWindows: File 'VtuneApi32e.dll' does not exist
LogConsoleResponse: Display: Failed to find resolution value strings in scalability ini. Falling back to default.
LogInit: Display: Running engine for game: tpPlatformer2020
LogPlatformFile: Not using cached read wrapper
LogTaskGraph: Started task graph with 5 named threads and 23 total threads with 3 sets of task threads.
LogStats: Stats thread started at 0.315214
LogD3D11RHI: Loaded GFSDK_Aftermath_Lib.x64.dll
LogICUInternationalization: ICU TimeZone Detection - Raw Offset: -8:00, Platform Override: ''
LogPluginManager: Mounting plugin Paper2D
LogPluginManager: Mounting plugin AISupport
LogPluginManager: Mounting plugin LightPropagationVolume
LogPluginManager: Mounting plugin ActorLayerUtilities
LogPluginManager: Mounting plugin AnimationSharing
LogPluginManager: Mounting plugin CLionSourceCodeAccess
LogPluginManager: Mounting plugin CodeLiteSourceCodeAccess
LogPluginManager: Mounting plugin GitSourceControl
LogPluginManager: Mounting plugin KDevelopSourceCodeAccess
LogPluginManager: Mounting plugin NullSourceCodeAccess
LogPluginManager: Mounting plugin PerforceSourceControl
LogPluginManager: Mounting plugin SubversionSourceControl
LogPluginManager: Mounting plugin UObjectPlugin
LogPluginManager: Mounting plugin VisualStudioCodeSourceCodeAccess
LogPluginManager: Mounting plugin VisualStudioSourceCodeAccess
LogPluginManager: Mounting plugin XCodeSourceCodeAccess
LogPluginManager: Mounting plugin AssetManagerEditor
LogPluginManager: Mounting plugin CryptoKeys
LogPluginManager: Mounting plugin CurveEditorTools
LogPluginManager: Mounting plugin DataValidation
LogPluginManager: Mounting plugin FacialAnimation
LogPluginManager: Mounting plugin GameplayTagsEditor
LogPluginManager: Mounting plugin MacGraphicsSwitching
LogPluginManager: Mounting plugin MaterialAnalyzer
LogPluginManager: Mounting plugin MobileLauncherProfileWizard
LogPluginManager: Mounting plugin PluginBrowser
LogPluginManager: Mounting plugin SpeedTreeImporter
LogPluginManager: Mounting plugin DatasmithContent
LogPluginManager: Mounting plugin VariantManagerContent
LogPluginManager: Mounting plugin AlembicImporter
LogPluginManager: Mounting plugin AutomationUtils
LogPluginManager: Mounting plugin BackChannel
LogPluginManager: Mounting plugin CharacterAI
LogPluginManager: Mounting plugin GeometryCache
LogPluginManager: Mounting plugin HTML5Networking
LogPluginManager: Mounting plugin PlatformCrypto
LogPluginManager: Mounting plugin ProxyLODPlugin
LogPluginManager: Mounting plugin SkeletalReduction
LogPluginManager: Mounting plugin MagicLeap
LogPluginManager: Mounting plugin MagicLeapMedia
LogPluginManager: Mounting plugin AndroidMedia
LogPluginManager: Mounting plugin AvfMedia
LogPluginManager: Mounting plugin ImgMedia
LogPluginManager: Mounting plugin MediaCompositing
LogPluginManager: Mounting plugin MediaPlayerEditor
LogPluginManager: Mounting plugin WebMMedia
LogPluginManager: Mounting plugin WmfMedia
LogPluginManager: Mounting plugin TcpMessaging
LogPluginManager: Mounting plugin UdpMessaging
LogPluginManager: Mounting plugin ActorSequence
LogPluginManager: Mounting plugin LevelSequenceEditor
LogPluginManager: Mounting plugin MatineeToLevelSequence
LogPluginManager: Mounting plugin NetcodeUnitTest
LogPluginManager: Mounting plugin NUTUnrealEngine4
LogPluginManager: Mounting plugin OnlineSubsystemGooglePlay
LogPluginManager: Mounting plugin OnlineSubsystemIOS
LogPluginManager: Mounting plugin OnlineSubsystem
LogPluginManager: Mounting plugin OnlineSubsystemNull
LogPluginManager: Mounting plugin OnlineSubsystemUtils
LogPluginManager: Mounting plugin LauncherChunkInstaller
LogPluginManager: Mounting plugin AndroidDeviceProfileSelector
LogPluginManager: Mounting plugin AndroidMoviePlayer
LogPluginManager: Mounting plugin AndroidPermission
LogPluginManager: Mounting plugin AppleImageUtils
LogPluginManager: Mounting plugin AppleMoviePlayer
LogPluginManager: Mounting plugin ArchVisCharacter
LogPluginManager: Mounting plugin AudioCapture
LogPluginManager: Mounting plugin CableComponent
LogPluginManager: Mounting plugin CustomMeshComponent
LogPluginManager: Mounting plugin EditableMesh
LogPluginManager: Mounting plugin ExampleDeviceProfileSelector
LogPluginManager: Mounting plugin GoogleCloudMessaging
LogPluginManager: Mounting plugin IOSDeviceProfileSelector
LogPluginManager: Mounting plugin LinuxDeviceProfileSelector
LogPluginManager: Mounting plugin LocationServicesBPLibrary
LogPluginManager: Mounting plugin MobilePatchingUtils
LogPluginManager: Mounting plugin OculusVR
LogPluginManager: Mounting plugin PhysXVehicles
LogPluginManager: Mounting plugin ProceduralMeshComponent
LogPluginManager: Mounting plugin RuntimePhysXCooking
LogPluginManager: Mounting plugin SignificanceManager
LogPluginManager: Mounting plugin SteamVR
LogPluginManager: Mounting plugin WebMMoviePlayer
LogPluginManager: Mounting plugin WindowsMoviePlayer
LogPluginManager: Mounting plugin ScreenshotTools
LogInit: Using libcurl 7.55.1-DEV
LogInit:  - built for x86_64-pc-win32
LogInit:  - supports SSL with OpenSSL/1.1.1
LogInit:  - supports HTTP deflate (compression) using libz 1.2.8
LogInit:  - other features:
LogInit:      CURL_VERSION_SSL
LogInit:      CURL_VERSION_LIBZ
LogInit:      CURL_VERSION_IPV6
LogInit:      CURL_VERSION_ASYNCHDNS
LogInit:      CURL_VERSION_LARGEFILE
LogInit:      CURL_VERSION_IDN
LogInit:  CurlRequestOptions (configurable via config and command line):
LogInit:  - bVerifyPeer = true  - Libcurl will verify peer certificate
LogInit:  - bUseHttpProxy = false  - Libcurl will NOT use HTTP proxy
LogInit:  - bDontReuseConnections = false  - Libcurl will reuse connections
LogInit:  - MaxHostConnections = 16  - Libcurl will limit the number of connections to a host
LogInit:  - LocalHostAddr = Default
LogInit:  - BufferSize = 65536
LogOnline: OSS: Creating online subsystem instance for: NULL
LogInit: WinSock: version 1.1 (2.2), MaxSocks=32767, MaxUdp=65467
LogInit: Build: ++UE4+Release-4.23-CL-9631420
LogInit: Engine Version: 4.23.1-9631420+++UE4+Release-4.23
LogInit: Compatible Engine Version: 4.23.0-8386587+++UE4+Release-4.23
LogInit: Net CL: 8386587
LogInit: OS: Windows 10 (Release 1903) (), CPU: Intel(R) Core(TM) i5-8250U CPU @ 1.60GHz, GPU: Intel(R) UHD Graphics 620
LogInit: Compiled (64-bit): Oct 18 2019 02:07:44
LogInit: Compiled with Visual C++: 19.16.27030.01
LogInit: Build Configuration: Development
LogInit: Branch Name: ++UE4+Release-4.23
LogInit: Command Line: 
LogInit: Base Directory: C:/Program Files/Epic Games/UE_4.23/Engine/Binaries/Win64/
LogInit: Installed Engine Build: 1
LogDevObjectVersion: Number of dev versions registered: 23
LogDevObjectVersion:   Dev-Blueprints (B0D832E4-1F89-4F0D-ACCF-7EB736FD4AA2): 10
LogDevObjectVersion:   Dev-Build (E1C64328-A22C-4D53-A36C-8E866417BD8C): 0
LogDevObjectVersion:   Dev-Core (375EC13C-06E4-48FB-B500-84F0262A717E): 3
LogDevObjectVersion:   Dev-Editor (E4B068ED-F494-42E9-A231-DA0B2E46BB41): 34
LogDevObjectVersion:   Dev-Framework (CFFC743F-43B0-4480-9391-14DF171D2073): 35
LogDevObjectVersion:   Dev-Mobile (B02B49B5-BB20-44E9-A304-32B752E40360): 2
LogDevObjectVersion:   Dev-Networking (A4E4105C-59A1-49B5-A7C5-40C4547EDFEE): 0
LogDevObjectVersion:   Dev-Online (39C831C9-5AE6-47DC-9A44-9C173E1C8E7C): 0
LogDevObjectVersion:   Dev-Physics (78F01B33-EBEA-4F98-B9B4-84EACCB95AA2): 0
LogDevObjectVersion:   Dev-Platform (6631380F-2D4D-43E0-8009-CF276956A95A): 0
LogDevObjectVersion:   Dev-Rendering (12F88B9F-8875-4AFC-A67C-D90C383ABD29): 31
LogDevObjectVersion:   Dev-Sequencer (7B5AE74C-D270-4C10-A958-57980B212A5A): 11
LogDevObjectVersion:   Dev-VR (D7296918-1DD6-4BDD-9DE2-64A83CC13884): 2
LogDevObjectVersion:   Dev-LoadTimes (C2A15278-BFE7-4AFE-6C17-90FF531DF755): 1
LogDevObjectVersion:   Private-Geometry (6EACA3D4-40EC-4CC1-B786-8BED09428FC5): 3
LogDevObjectVersion:   Dev-AnimPhys (29E575DD-E0A3-4627-9D10-D276232CDCEA): 17
LogDevObjectVersion:   Dev-Anim (AF43A65D-7FD3-4947-9873-3E8ED9C1BB05): 2
LogDevObjectVersion:   Dev-ReflectionCapture (6B266CEC-1EC7-4B8F-A30B-E4D90942FC07): 1
LogDevObjectVersion:   Dev-Automation (0DF73D61-A23F-47EA-B727-89E90C41499A): 1
LogDevObjectVersion:   FortniteMain (601D1886-AC64-4F84-AA16-D3DE0DEAC7D6): 27
LogDevObjectVersion:   Dev-Enterprise (9DFFBCD6-494F-0158-E221-12823C92A888): 6
LogDevObjectVersion:   Dev-Niagara (F2AED0AC-9AFE-416F-8664-AA7FFA26D6FC): 1
LogDevObjectVersion:   Dev-Destruction (174F1F0B-B4C6-45A5-B13F-2EE8D0FB917D): 9
LogInit: Presizing for max 16777216 objects, including 0 objects not considered by GC, pre-allocating 0 bytes for permanent pool.
LogInit: Object subsystem initialized
LogConfig: Setting CVar [[con.DebugEarlyDefault:1]]
LogConfig: Setting CVar [[r.setres:1280x720]]
[2020.01.13-19.33.25:055][  0]LogConfig: Setting CVar [[r.VSync:0]]
[2020.01.13-19.33.25:055][  0]LogConfig: Setting CVar [[r.RHICmdBypass:0]]
[2020.01.13-19.33.25:055][  0]LogConfig: Applying CVar settings from Section [/Script/Engine.RendererSettings] File [C:/Users/emily/Documents/GitHub/PlatformerDemo/tpPlatformer2020/Saved/Config/Windows/Engine.ini]
[2020.01.13-19.33.25:055][  0]LogConfig: Setting CVar [[r.GPUCrashDebugging:0]]
[2020.01.13-19.33.25:055][  0]LogConfig: Applying CVar settings from Section [/Script/Engine.RendererOverrideSettings] File [C:/Users/emily/Documents/GitHub/PlatformerDemo/tpPlatformer2020/Saved/Config/Windows/Engine.ini]
[2020.01.13-19.33.25:055][  0]LogConfig: Applying CVar settings from Section [/Script/Engine.StreamingSettings] File [C:/Users/emily/Documents/GitHub/PlatformerDemo/tpPlatformer2020/Saved/Config/Windows/Engine.ini]
[2020.01.13-19.33.25:055][  0]LogConfig: Setting CVar [[s.MinBulkDataSizeForAsyncLoading:131072]]
[2020.01.13-19.33.25:056][  0]LogConfig: Setting CVar [[s.AsyncLoadingThreadEnabled:0]]
[2020.01.13-19.33.25:056][  0]LogConfig: Setting CVar [[s.EventDrivenLoaderEnabled:1]]
[2020.01.13-19.33.25:056][  0]LogConfig: Setting CVar [[s.WarnIfTimeLimitExceeded:0]]
[2020.01.13-19.33.25:056][  0]LogConfig: Setting CVar [[s.TimeLimitExceededMultiplier:1.5]]
[2020.01.13-19.33.25:056][  0]LogConfig: Setting CVar [[s.TimeLimitExceededMinTime:0.005]]
[2020.01.13-19.33.25:056][  0]LogConfig: Setting CVar [[s.UseBackgroundLevelStreaming:1]]
[2020.01.13-19.33.25:056][  0]LogConfig: Setting CVar [[s.PriorityAsyncLoadingExtraTime:15.0]]
[2020.01.13-19.33.25:056][  0]LogConfig: Setting CVar [[s.LevelStreamingActorsUpdateTimeLimit:5.0]]
[2020.01.13-19.33.25:056][  0]LogConfig: Setting CVar [[s.PriorityLevelStreamingActorsUpdateExtraTime:5.0]]
[2020.01.13-19.33.25:056][  0]LogConfig: Setting CVar [[s.LevelStreamingComponentsRegistrationGranularity:10]]
[2020.01.13-19.33.25:056][  0]LogConfig: Setting CVar [[s.UnregisterComponentsTimeLimit:1.0]]
[2020.01.13-19.33.25:056][  0]LogConfig: Setting CVar [[s.LevelStreamingComponentsUnregistrationGranularity:5]]
[2020.01.13-19.33.25:056][  0]LogConfig: Applying CVar settings from Section [/Script/Engine.GarbageCollectionSettings] File [C:/Users/emily/Documents/GitHub/PlatformerDemo/tpPlatformer2020/Saved/Config/Windows/Engine.ini]
[2020.01.13-19.33.25:056][  0]LogConfig: Setting CVar [[gc.MaxObjectsNotConsideredByGC:1]]
[2020.01.13-19.33.25:056][  0]LogConfig: Setting CVar [[gc.SizeOfPermanentObjectPool:0]]
[2020.01.13-19.33.25:056][  0]LogConfig: Setting CVar [[gc.FlushStreamingOnGC:0]]
[2020.01.13-19.33.25:056][  0]LogConfig: Setting CVar [[gc.NumRetriesBeforeForcingGC:10]]
[2020.01.13-19.33.25:056][  0]LogConfig: Setting CVar [[gc.AllowParallelGC:1]]
[2020.01.13-19.33.25:056][  0]LogConfig: Setting CVar [[gc.TimeBetweenPurgingPendingKillObjects:61.1]]
[2020.01.13-19.33.25:056][  0]LogConfig: Setting CVar [[gc.MaxObjectsInEditor:16777216]]
[2020.01.13-19.33.25:056][  0]LogConfig: Setting CVar [[gc.IncrementalBeginDestroyEnabled:1]]
[2020.01.13-19.33.25:056][  0]LogConfig: Setting CVar [[gc.CreateGCClusters:1]]
[2020.01.13-19.33.25:056][  0]LogConfig: Setting CVar [[gc.MinGCClusterSize:5]]
[2020.01.13-19.33.25:056][  0]LogConfig: Setting CVar [[gc.ActorClusteringEnabled:0]]
[2020.01.13-19.33.25:056][  0]LogConfig: Setting CVar [[gc.BlueprintClusteringEnabled:0]]
[2020.01.13-19.33.25:056][  0]LogConfig: Setting CVar [[gc.UseDisregardForGCOnDedicatedServers:0]]
[2020.01.13-19.33.25:056][  0]LogConfig: Applying CVar settings from Section [/Script/Engine.NetworkSettings] File [C:/Users/emily/Documents/GitHub/PlatformerDemo/tpPlatformer2020/Saved/Config/Windows/Engine.ini]
[2020.01.13-19.33.25:056][  0]LogConfig: Applying CVar settings from Section [/Script/UnrealEd.CookerSettings] File [C:/Users/emily/Documents/GitHub/PlatformerDemo/tpPlatformer2020/Saved/Config/Windows/Engine.ini]
[2020.01.13-19.33.25:061][  0]LogConfig: Applying CVar settings from Section [ViewDistanceQuality@3] File [C:/Users/emily/Documents/GitHub/PlatformerDemo/tpPlatformer2020/Saved/Config/Windows/Scalability.ini]
[2020.01.13-19.33.25:061][  0]LogConfig: Setting CVar [[r.SkeletalMeshLODBias:0]]
[2020.01.13-19.33.25:061][  0]LogConfig: Setting CVar [[r.ViewDistanceScale:1.0]]
[2020.01.13-19.33.25:061][  0]LogConfig: Applying CVar settings from Section [AntiAliasingQuality@3] File [C:/Users/emily/Documents/GitHub/PlatformerDemo/tpPlatformer2020/Saved/Config/Windows/Scalability.ini]
[2020.01.13-19.33.25:061][  0]LogConfig: Setting CVar [[r.PostProcessAAQuality:4]]
[2020.01.13-19.33.25:061][  0]LogConfig: Applying CVar settings from Section [ShadowQuality@3] File [C:/Users/emily/Documents/GitHub/PlatformerDemo/tpPlatformer2020/Saved/Config/Windows/Scalability.ini]
[2020.01.13-19.33.25:061][  0]LogConfig: Setting CVar [[r.LightFunctionQuality:1]]
[2020.01.13-19.33.25:061][  0]LogConfig: Setting CVar [[r.ShadowQuality:5]]
[2020.01.13-19.33.25:061][  0]LogConfig: Setting CVar [[r.Shadow.CSM.MaxCascades:10]]
[2020.01.13-19.33.25:061][  0]LogConfig: Setting CVar [[r.Shadow.MaxResolution:2048]]
[2020.01.13-19.33.25:061][  0]LogConfig: Setting CVar [[r.Shadow.MaxCSMResolution:2048]]
[2020.01.13-19.33.25:062][  0]LogConfig: Setting CVar [[r.Shadow.RadiusThreshold:0.01]]
[2020.01.13-19.33.25:062][  0]LogConfig: Setting CVar [[r.Shadow.DistanceScale:1.0]]
[2020.01.13-19.33.25:062][  0]LogConfig: Setting CVar [[r.Shadow.CSM.TransitionScale:1.0]]
[2020.01.13-19.33.25:062][  0]LogConfig: Setting CVar [[r.Shadow.PreShadowResolutionFactor:1.0]]
[2020.01.13-19.33.25:062][  0]LogConfig: Setting CVar [[r.DistanceFieldShadowing:1]]
[2020.01.13-19.33.25:062][  0]LogConfig: Setting CVar [[r.DistanceFieldAO:1]]
[2020.01.13-19.33.25:062][  0]LogConfig: Setting CVar [[r.AOQuality:2]]
[2020.01.13-19.33.25:062][  0]LogConfig: Setting CVar [[r.VolumetricFog:1]]
[2020.01.13-19.33.25:062][  0]LogConfig: Setting CVar [[r.VolumetricFog.GridPixelSize:8]]
[2020.01.13-19.33.25:062][  0]LogConfig: Setting CVar [[r.VolumetricFog.GridSizeZ:128]]
[2020.01.13-19.33.25:062][  0]LogConfig: Setting CVar [[r.VolumetricFog.HistoryMissSupersampleCount:4]]
[2020.01.13-19.33.25:062][  0]LogConfig: Setting CVar [[r.LightMaxDrawDistanceScale:1]]
[2020.01.13-19.33.25:062][  0]LogConfig: Setting CVar [[r.CapsuleShadows:1]]
[2020.01.13-19.33.25:062][  0]LogConfig: Applying CVar settings from Section [PostProcessQuality@3] File [C:/Users/emily/Documents/GitHub/PlatformerDemo/tpPlatformer2020/Saved/Config/Windows/Scalability.ini]
[2020.01.13-19.33.25:062][  0]LogConfig: Setting CVar [[r.MotionBlurQuality:4]]
[2020.01.13-19.33.25:062][  0]LogConfig: Setting CVar [[r.AmbientOcclusionMipLevelFactor:0.4]]
[2020.01.13-19.33.25:062][  0]LogConfig: Setting CVar [[r.AmbientOcclusionMaxQuality:100]]
[2020.01.13-19.33.25:062][  0]LogConfig: Setting CVar [[r.AmbientOcclusionLevels:-1]]
[2020.01.13-19.33.25:062][  0]LogConfig: Setting CVar [[r.AmbientOcclusionRadiusScale:1.0]]
[2020.01.13-19.33.25:062][  0]LogConfig: Setting CVar [[r.DepthOfFieldQuality:2]]
[2020.01.13-19.33.25:062][  0]LogConfig: Setting CVar [[r.RenderTargetPoolMin:400]]
[2020.01.13-19.33.25:062][  0]LogConfig: Setting CVar [[r.LensFlareQuality:2]]
[2020.01.13-19.33.25:062][  0]LogConfig: Setting CVar [[r.SceneColorFringeQuality:1]]
[2020.01.13-19.33.25:062][  0]LogConfig: Setting CVar [[r.EyeAdaptationQuality:2]]
[2020.01.13-19.33.25:062][  0]LogConfig: Setting CVar [[r.BloomQuality:5]]
[2020.01.13-19.33.25:062][  0]LogConfig: Setting CVar [[r.FastBlurThreshold:100]]
[2020.01.13-19.33.25:062][  0]LogConfig: Setting CVar [[r.Upscale.Quality:3]]
[2020.01.13-19.33.25:062][  0]LogConfig: Setting CVar [[r.Tonemapper.GrainQuantization:1]]
[2020.01.13-19.33.25:062][  0]LogConfig: Setting CVar [[r.LightShaftQuality:1]]
[2020.01.13-19.33.25:062][  0]LogConfig: Setting CVar [[r.Filter.SizeScale:1]]
[2020.01.13-19.33.25:062][  0]LogConfig: Setting CVar [[r.Tonemapper.Quality:5]]
[2020.01.13-19.33.25:062][  0]LogConfig: Setting CVar [[r.DOF.Gather.AccumulatorQuality:1        ; higher gathering accumulator quality]]
[2020.01.13-19.33.25:062][  0]LogConfig: Setting CVar [[r.DOF.Gather.PostfilterMethod:1          ; Median3x3 postfilering method]]
[2020.01.13-19.33.25:062][  0]LogConfig: Setting CVar [[r.DOF.Gather.EnableBokehSettings:0       ; no bokeh simulation when gathering]]
[2020.01.13-19.33.25:062][  0]LogConfig: Setting CVar [[r.DOF.Gather.RingCount:4                 ; medium number of samples when gathering]]
[2020.01.13-19.33.25:062][  0]LogConfig: Setting CVar [[r.DOF.Scatter.ForegroundCompositing:1    ; additive foreground scattering]]
[2020.01.13-19.33.25:062][  0]LogConfig: Setting CVar [[r.DOF.Scatter.BackgroundCompositing:2    ; additive background scattering]]
[2020.01.13-19.33.25:062][  0]LogConfig: Setting CVar [[r.DOF.Scatter.EnableBokehSettings:1      ; bokeh simulation when scattering]]
[2020.01.13-19.33.25:062][  0]LogConfig: Setting CVar [[r.DOF.Scatter.MaxSpriteRatio:0.1         ; only a maximum of 10% of scattered bokeh]]
[2020.01.13-19.33.25:062][  0]LogConfig: Setting CVar [[r.DOF.Recombine.Quality:1                ; cheap slight out of focus]]
[2020.01.13-19.33.25:062][  0]LogConfig: Setting CVar [[r.DOF.Recombine.EnableBokehSettings:0    ; no bokeh simulation on slight out of focus]]
[2020.01.13-19.33.25:062][  0]LogConfig: Setting CVar [[r.DOF.TemporalAAQuality:1                ; more stable temporal accumulation]]
[2020.01.13-19.33.25:062][  0]LogConfig: Setting CVar [[r.DOF.Kernel.MaxForegroundRadius:0.025]]
[2020.01.13-19.33.25:062][  0]LogConfig: Setting CVar [[r.DOF.Kernel.MaxBackgroundRadius:0.025]]
[2020.01.13-19.33.25:062][  0]LogConfig: Applying CVar settings from Section [TextureQuality@3] File [C:/Users/emily/Documents/GitHub/PlatformerDemo/tpPlatformer2020/Saved/Config/Windows/Scalability.ini]
[2020.01.13-19.33.25:062][  0]LogConfig: Setting CVar [[r.Streaming.MipBias:0]]
[2020.01.13-19.33.25:062][  0]LogConfig: Setting CVar [[r.Streaming.AmortizeCPUToGPUCopy:0]]
[2020.01.13-19.33.25:062][  0]LogConfig: Setting CVar [[r.Streaming.MaxNumTexturesToStreamPerFrame:0]]
[2020.01.13-19.33.25:062][  0]LogConfig: Setting CVar [[r.Streaming.Boost:1]]
[2020.01.13-19.33.25:062][  0]LogConfig: Setting CVar [[r.MaxAnisotropy:8]]
[2020.01.13-19.33.25:062][  0]LogConfig: Setting CVar [[r.Streaming.LimitPoolSizeToVRAM:0]]
[2020.01.13-19.33.25:062][  0]LogConfig: Setting CVar [[r.Streaming.PoolSize:1000]]
[2020.01.13-19.33.25:062][  0]LogConfig: Setting CVar [[r.Streaming.MaxEffectiveScreenSize:0]]
[2020.01.13-19.33.25:062][  0]LogConfig: Applying CVar settings from Section [EffectsQuality@3] File [C:/Users/emily/Documents/GitHub/PlatformerDemo/tpPlatformer2020/Saved/Config/Windows/Scalability.ini]
[2020.01.13-19.33.25:062][  0]LogConfig: Setting CVar [[r.TranslucencyLightingVolumeDim:64]]
[2020.01.13-19.33.25:062][  0]LogConfig: Setting CVar [[r.RefractionQuality:2]]
[2020.01.13-19.33.25:063][  0]LogConfig: Setting CVar [[r.SSR.Quality:3]]
[2020.01.13-19.33.25:063][  0]LogConfig: Setting CVar [[r.SceneColorFormat:4]]
[2020.01.13-19.33.25:063][  0]LogConfig: Setting CVar [[r.DetailMode:2]]
[2020.01.13-19.33.25:063][  0]LogConfig: Setting CVar [[r.TranslucencyVolumeBlur:1]]
[2020.01.13-19.33.25:063][  0]LogConfig: Setting CVar [[r.MaterialQualityLevel:1 ; High quality]]
[2020.01.13-19.33.25:063][  0]LogConfig: Setting CVar [[r.SSS.Scale:1]]
[2020.01.13-19.33.25:063][  0]LogConfig: Setting CVar [[r.SSS.SampleSet:2]]
[2020.01.13-19.33.25:063][  0]LogConfig: Setting CVar [[r.SSS.Quality:1]]
[2020.01.13-19.33.25:063][  0]LogConfig: Setting CVar [[r.SSS.HalfRes:1]]
[2020.01.13-19.33.25:063][  0]LogConfig: Setting CVar [[r.EmitterSpawnRateScale:1.0]]
[2020.01.13-19.33.25:063][  0]LogConfig: Setting CVar [[r.ParticleLightQuality:2]]
[2020.01.13-19.33.25:063][  0]LogConfig: Applying CVar settings from Section [FoliageQuality@3] File [C:/Users/emily/Documents/GitHub/PlatformerDemo/tpPlatformer2020/Saved/Config/Windows/Scalability.ini]
[2020.01.13-19.33.25:063][  0]LogConfig: Setting CVar [[foliage.DensityScale:1.0]]
[2020.01.13-19.33.25:063][  0]LogConfig: Setting CVar [[grass.DensityScale:1.0]]
[2020.01.13-19.33.25:063][  0]LogInit: Selected Device Profile: [Windows]
[2020.01.13-19.33.25:063][  0]LogInit: Applying CVar settings loaded from the selected device profile: [Windows]
[2020.01.13-19.33.25:078][  0]LogHAL: Display: Platform has ~ 8 GB [8511352832 / 8589934592 / 8], which maps to Default [LargestMinGB=32, LargerMinGB=12, DefaultMinGB=8, SmallerMinGB=6, SmallestMinGB=0)
[2020.01.13-19.33.25:079][  0]LogInit: Going up to parent DeviceProfile []
[2020.01.13-19.33.25:079][  0]LogConfig: Applying CVar settings from Section [ViewDistanceQuality@3] File [C:/Users/emily/Documents/GitHub/PlatformerDemo/tpPlatformer2020/Saved/Config/Windows/Scalability.ini]
[2020.01.13-19.33.25:079][  0]LogConfig: Setting CVar [[r.SkeletalMeshLODBias:0]]
[2020.01.13-19.33.25:079][  0]LogConfig: Setting CVar [[r.ViewDistanceScale:1.0]]
[2020.01.13-19.33.25:079][  0]LogConfig: Applying CVar settings from Section [AntiAliasingQuality@3] File [C:/Users/emily/Documents/GitHub/PlatformerDemo/tpPlatformer2020/Saved/Config/Windows/Scalability.ini]
[2020.01.13-19.33.25:079][  0]LogConfig: Setting CVar [[r.PostProcessAAQuality:4]]
[2020.01.13-19.33.25:079][  0]LogConfig: Applying CVar settings from Section [ShadowQuality@3] File [C:/Users/emily/Documents/GitHub/PlatformerDemo/tpPlatformer2020/Saved/Config/Windows/Scalability.ini]
[2020.01.13-19.33.25:079][  0]LogConfig: Setting CVar [[r.LightFunctionQuality:1]]
[2020.01.13-19.33.25:079][  0]LogConfig: Setting CVar [[r.ShadowQuality:5]]
[2020.01.13-19.33.25:079][  0]LogConfig: Setting CVar [[r.Shadow.CSM.MaxCascades:10]]
[2020.01.13-19.33.25:079][  0]LogConfig: Setting CVar [[r.Shadow.MaxResolution:2048]]
[2020.01.13-19.33.25:079][  0]LogConfig: Setting CVar [[r.Shadow.MaxCSMResolution:2048]]
[2020.01.13-19.33.25:079][  0]LogConfig: Setting CVar [[r.Shadow.RadiusThreshold:0.01]]
[2020.01.13-19.33.25:079][  0]LogConfig: Setting CVar [[r.Shadow.DistanceScale:1.0]]
[2020.01.13-19.33.25:079][  0]LogConfig: Setting CVar [[r.Shadow.CSM.TransitionScale:1.0]]
[2020.01.13-19.33.25:079][  0]LogConfig: Setting CVar [[r.Shadow.PreShadowResolutionFactor:1.0]]
[2020.01.13-19.33.25:079][  0]LogConfig: Setting CVar [[r.DistanceFieldShadowing:1]]
[2020.01.13-19.33.25:079][  0]LogConfig: Setting CVar [[r.DistanceFieldAO:1]]
[2020.01.13-19.33.25:079][  0]LogConfig: Setting CVar [[r.AOQuality:2]]
[2020.01.13-19.33.25:079][  0]LogConfig: Setting CVar [[r.VolumetricFog:1]]
[2020.01.13-19.33.25:079][  0]LogConfig: Setting CVar [[r.VolumetricFog.GridPixelSize:8]]
[2020.01.13-19.33.25:079][  0]LogConfig: Setting CVar [[r.VolumetricFog.GridSizeZ:128]]
[2020.01.13-19.33.25:079][  0]LogConfig: Setting CVar [[r.VolumetricFog.HistoryMissSupersampleCount:4]]
[2020.01.13-19.33.25:079][  0]LogConfig: Setting CVar [[r.LightMaxDrawDistanceScale:1]]
[2020.01.13-19.33.25:079][  0]LogConfig: Setting CVar [[r.CapsuleShadows:1]]
[2020.01.13-19.33.25:079][  0]LogConfig: Applying CVar settings from Section [PostProcessQuality@3] File [C:/Users/emily/Documents/GitHub/PlatformerDemo/tpPlatformer2020/Saved/Config/Windows/Scalability.ini]
[2020.01.13-19.33.25:079][  0]LogConfig: Setting CVar [[r.MotionBlurQuality:4]]
[2020.01.13-19.33.25:079][  0]LogConfig: Setting CVar [[r.AmbientOcclusionMipLevelFactor:0.4]]
[2020.01.13-19.33.25:079][  0]LogConfig: Setting CVar [[r.AmbientOcclusionMaxQuality:100]]
[2020.01.13-19.33.25:079][  0]LogConfig: Setting CVar [[r.AmbientOcclusionLevels:-1]]
[2020.01.13-19.33.25:079][  0]LogConfig: Setting CVar [[r.AmbientOcclusionRadiusScale:1.0]]
[2020.01.13-19.33.25:079][  0]LogConfig: Setting CVar [[r.DepthOfFieldQuality:2]]
[2020.01.13-19.33.25:079][  0]LogConfig: Setting CVar [[r.RenderTargetPoolMin:400]]
[2020.01.13-19.33.25:079][  0]LogConfig: Setting CVar [[r.LensFlareQuality:2]]
[2020.01.13-19.33.25:079][  0]LogConfig: Setting CVar [[r.SceneColorFringeQuality:1]]
[2020.01.13-19.33.25:079][  0]LogConfig: Setting CVar [[r.EyeAdaptationQuality:2]]
[2020.01.13-19.33.25:079][  0]LogConfig: Setting CVar [[r.BloomQuality:5]]
[2020.01.13-19.33.25:079][  0]LogConfig: Setting CVar [[r.FastBlurThreshold:100]]
[2020.01.13-19.33.25:079][  0]LogConfig: Setting CVar [[r.Upscale.Quality:3]]
[2020.01.13-19.33.25:079][  0]LogConfig: Setting CVar [[r.Tonemapper.GrainQuantization:1]]
[2020.01.13-19.33.25:079][  0]LogConfig: Setting CVar [[r.LightShaftQuality:1]]
[2020.01.13-19.33.25:079][  0]LogConfig: Setting CVar [[r.Filter.SizeScale:1]]
[2020.01.13-19.33.25:079][  0]LogConfig: Setting CVar [[r.Tonemapper.Quality:5]]
[2020.01.13-19.33.25:079][  0]LogConfig: Setting CVar [[r.DOF.Gather.AccumulatorQuality:1        ; higher gathering accumulator quality]]
[2020.01.13-19.33.25:079][  0]LogConfig: Setting CVar [[r.DOF.Gather.PostfilterMethod:1          ; Median3x3 postfilering method]]
[2020.01.13-19.33.25:079][  0]LogConfig: Setting CVar [[r.DOF.Gather.EnableBokehSettings:0       ; no bokeh simulation when gathering]]
[2020.01.13-19.33.25:079][  0]LogConfig: Setting CVar [[r.DOF.Gather.RingCount:4                 ; medium number of samples when gathering]]
[2020.01.13-19.33.25:079][  0]LogConfig: Setting CVar [[r.DOF.Scatter.ForegroundCompositing:1    ; additive foreground scattering]]
[2020.01.13-19.33.25:080][  0]LogConfig: Setting CVar [[r.DOF.Scatter.BackgroundCompositing:2    ; additive background scattering]]
[2020.01.13-19.33.25:080][  0]LogConfig: Setting CVar [[r.DOF.Scatter.EnableBokehSettings:1      ; bokeh simulation when scattering]]
[2020.01.13-19.33.25:080][  0]LogConfig: Setting CVar [[r.DOF.Scatter.MaxSpriteRatio:0.1         ; only a maximum of 10% of scattered bokeh]]
[2020.01.13-19.33.25:080][  0]LogConfig: Setting CVar [[r.DOF.Recombine.Quality:1                ; cheap slight out of focus]]
[2020.01.13-19.33.25:080][  0]LogConfig: Setting CVar [[r.DOF.Recombine.EnableBokehSettings:0    ; no bokeh simulation on slight out of focus]]
[2020.01.13-19.33.25:080][  0]LogConfig: Setting CVar [[r.DOF.TemporalAAQuality:1                ; more stable temporal accumulation]]
[2020.01.13-19.33.25:080][  0]LogConfig: Setting CVar [[r.DOF.Kernel.MaxForegroundRadius:0.025]]
[2020.01.13-19.33.25:080][  0]LogConfig: Setting CVar [[r.DOF.Kernel.MaxBackgroundRadius:0.025]]
[2020.01.13-19.33.25:080][  0]LogConfig: Applying CVar settings from Section [TextureQuality@3] File [C:/Users/emily/Documents/GitHub/PlatformerDemo/tpPlatformer2020/Saved/Config/Windows/Scalability.ini]
[2020.01.13-19.33.25:080][  0]LogConfig: Setting CVar [[r.Streaming.MipBias:0]]
[2020.01.13-19.33.25:080][  0]LogConfig: Setting CVar [[r.Streaming.AmortizeCPUToGPUCopy:0]]
[2020.01.13-19.33.25:080][  0]LogConfig: Setting CVar [[r.Streaming.MaxNumTexturesToStreamPerFrame:0]]
[2020.01.13-19.33.25:080][  0]LogConfig: Setting CVar [[r.Streaming.Boost:1]]
[2020.01.13-19.33.25:080][  0]LogConfig: Setting CVar [[r.MaxAnisotropy:8]]
[2020.01.13-19.33.25:080][  0]LogConfig: Setting CVar [[r.Streaming.LimitPoolSizeToVRAM:0]]
[2020.01.13-19.33.25:080][  0]LogConfig: Setting CVar [[r.Streaming.PoolSize:1000]]
[2020.01.13-19.33.25:080][  0]LogConfig: Setting CVar [[r.Streaming.MaxEffectiveScreenSize:0]]
[2020.01.13-19.33.25:080][  0]LogConfig: Applying CVar settings from Section [EffectsQuality@3] File [C:/Users/emily/Documents/GitHub/PlatformerDemo/tpPlatformer2020/Saved/Config/Windows/Scalability.ini]
[2020.01.13-19.33.25:080][  0]LogConfig: Setting CVar [[r.TranslucencyLightingVolumeDim:64]]
[2020.01.13-19.33.25:080][  0]LogConfig: Setting CVar [[r.RefractionQuality:2]]
[2020.01.13-19.33.25:080][  0]LogConfig: Setting CVar [[r.SSR.Quality:3]]
[2020.01.13-19.33.25:080][  0]LogConfig: Setting CVar [[r.SceneColorFormat:4]]
[2020.01.13-19.33.25:080][  0]LogConfig: Setting CVar [[r.DetailMode:2]]
[2020.01.13-19.33.25:080][  0]LogConfig: Setting CVar [[r.TranslucencyVolumeBlur:1]]
[2020.01.13-19.33.25:080][  0]LogConfig: Setting CVar [[r.MaterialQualityLevel:1 ; High quality]]
[2020.01.13-19.33.25:080][  0]LogConfig: Setting CVar [[r.SSS.Scale:1]]
[2020.01.13-19.33.25:080][  0]LogConfig: Setting CVar [[r.SSS.SampleSet:2]]
[2020.01.13-19.33.25:080][  0]LogConfig: Setting CVar [[r.SSS.Quality:1]]
[2020.01.13-19.33.25:080][  0]LogConfig: Setting CVar [[r.SSS.HalfRes:1]]
[2020.01.13-19.33.25:080][  0]LogConfig: Setting CVar [[r.EmitterSpawnRateScale:1.0]]
[2020.01.13-19.33.25:080][  0]LogConfig: Setting CVar [[r.ParticleLightQuality:2]]
[2020.01.13-19.33.25:080][  0]LogConfig: Applying CVar settings from Section [FoliageQuality@3] File [C:/Users/emily/Documents/GitHub/PlatformerDemo/tpPlatformer2020/Saved/Config/Windows/Scalability.ini]
[2020.01.13-19.33.25:080][  0]LogConfig: Setting CVar [[foliage.DensityScale:1.0]]
[2020.01.13-19.33.25:080][  0]LogConfig: Setting CVar [[grass.DensityScale:1.0]]
[2020.01.13-19.33.25:080][  0]LogConfig: Applying CVar settings from Section [Startup] File [../../../Engine/Config/ConsoleVariables.ini]
[2020.01.13-19.33.25:091][  0]LogConfig: Setting CVar [[net.UseAdaptiveNetUpdateFrequency:0]]
[2020.01.13-19.33.25:091][  0]LogConfig: Setting CVar [[p.chaos.AllowCreatePhysxBodies:1]]
[2020.01.13-19.33.25:091][  0]LogConfig: Applying CVar settings from Section [ConsoleVariables] File [C:/Users/emily/Documents/GitHub/PlatformerDemo/tpPlatformer2020/Saved/Config/Windows/Engine.ini]
[2020.01.13-19.33.25:093][  0]LogInit: Computer: DESKTOP-M5MOGRD
[2020.01.13-19.33.25:093][  0]LogInit: User: emily
[2020.01.13-19.33.25:093][  0]LogInit: CPU Page size=4096, Cores=4
[2020.01.13-19.33.25:093][  0]LogInit: High frequency timer resolution =10.000000 MHz
[2020.01.13-19.33.25:093][  0]LogMemory: Memory total: Physical=7.9GB (8GB approx)
[2020.01.13-19.33.25:093][  0]LogMemory: Platform Memory Stats for Windows
[2020.01.13-19.33.25:093][  0]LogMemory: Process Physical Memory: 100.93 MB used, 100.94 MB peak
[2020.01.13-19.33.25:093][  0]LogMemory: Process Virtual Memory: 100.46 MB used, 100.46 MB peak
[2020.01.13-19.33.25:093][  0]LogMemory: Physical Memory: 6205.17 MB used,  1911.89 MB free, 8117.06 MB total
[2020.01.13-19.33.25:093][  0]LogMemory: Virtual Memory: 4668.44 MB used,  134213056.00 MB free, 134217728.00 MB total
[2020.01.13-19.33.25:097][  0]LogWindows: WindowsPlatformFeatures enabled
[2020.01.13-19.33.25:180][  0]LogInit: Using OS detected language (en-US).
[2020.01.13-19.33.25:180][  0]LogInit: Using OS detected locale (en-US).
[2020.01.13-19.33.25:181][  0]LogTextLocalizationManager: No specific localization for 'en-US' exists, so the 'en' localization will be used.
[2020.01.13-19.33.25:703][  0]LogInit: Setting process to per monitor DPI aware
[2020.01.13-19.33.25:863][  0]LogSlate: New Slate User Created.  User Index 0, Is Virtual User: 0
[2020.01.13-19.33.25:863][  0]LogSlate: Slate User Registered.  User Index 0, Is Virtual User: 0
[2020.01.13-19.33.29:200][  0]LogHMD: Failed to initialize OpenVR with code 110
[2020.01.13-19.33.29:200][  0]LogD3D11RHI: D3D11 adapters:
[2020.01.13-19.33.29:288][  0]LogD3D11RHI:    0. 'Intel(R) UHD Graphics 620' (Feature Level 11_0)
[2020.01.13-19.33.29:288][  0]LogD3D11RHI:       128/0/4058 MB DedicatedVideo/DedicatedSystem/SharedSystem, Outputs:1, VendorId:0x8086
[2020.01.13-19.33.29:299][  0]LogD3D11RHI:    1. 'Microsoft Basic Render Driver' (Feature Level 11_0)
[2020.01.13-19.33.29:299][  0]LogD3D11RHI:       0/0/4058 MB DedicatedVideo/DedicatedSystem/SharedSystem, Outputs:0, VendorId:0x1414
[2020.01.13-19.33.29:300][  0]LogD3D11RHI: Chosen D3D11 Adapter: 0
[2020.01.13-19.33.29:316][  0]LogD3D11RHI: Creating new Direct3DDevice
[2020.01.13-19.33.29:316][  0]LogD3D11RHI:     GPU DeviceId: 0x5917 (for the marketing name, search the web for "GPU Device Id")
[2020.01.13-19.33.29:316][  0]LogWindows: EnumDisplayDevices:
[2020.01.13-19.33.29:317][  0]LogWindows:    0. 'Intel(R) UHD Graphics 620' (P:1 D:1)
[2020.01.13-19.33.29:318][  0]LogWindows:    1. 'Intel(R) UHD Graphics 620' (P:0 D:0)
[2020.01.13-19.33.29:319][  0]LogWindows:    2. 'Intel(R) UHD Graphics 620' (P:0 D:0)
[2020.01.13-19.33.29:319][  0]LogWindows: DebugString: FoundDriverCount:3 
[2020.01.13-19.33.29:319][  0]LogD3D11RHI:     Adapter Name: Intel(R) UHD Graphics 620
[2020.01.13-19.33.29:319][  0]LogD3D11RHI:   Driver Version: 25.20.100.6471 (internal:25.20.100.6471, unified:25.20.100.6471)
[2020.01.13-19.33.29:319][  0]LogD3D11RHI:      Driver Date: 12-28-2018
[2020.01.13-19.33.29:319][  0]LogRHI: Texture pool is 1510 MB (70% of 2157 MB)
[2020.01.13-19.33.29:564][  0]LogD3D11RHI: [IntelMetricsDiscovery] Started
[2020.01.13-19.33.29:564][  0]LogD3D11RHI: Async texture creation enabled
[2020.01.13-19.33.29:592][  0]LogD3D11RHI: GPU Timing Frequency: 12.000048 (Debug: 2 0)
[2020.01.13-19.33.30:591][  0]LogTemp: Display: Module 'AllDesktopTargetPlatform' loaded TargetPlatform 'AllDesktop'
[2020.01.13-19.33.30:607][  0]LogTemp: Display: Module 'MacClientTargetPlatform' loaded TargetPlatform 'MacClient'
[2020.01.13-19.33.30:623][  0]LogTemp: Display: Module 'MacNoEditorTargetPlatform' loaded TargetPlatform 'MacNoEditor'
[2020.01.13-19.33.30:638][  0]LogTemp: Display: Module 'MacServerTargetPlatform' loaded TargetPlatform 'MacServer'
[2020.01.13-19.33.30:668][  0]LogTemp: Display: Module 'MacTargetPlatform' loaded TargetPlatform 'Mac'
[2020.01.13-19.33.30:687][  0]LogTemp: Display: Module 'WindowsClientTargetPlatform' loaded TargetPlatform 'WindowsClient'
[2020.01.13-19.33.30:708][  0]LogTemp: Display: Module 'WindowsNoEditorTargetPlatform' loaded TargetPlatform 'WindowsNoEditor'
[2020.01.13-19.33.30:726][  0]LogTemp: Display: Module 'WindowsServerTargetPlatform' loaded TargetPlatform 'WindowsServer'
[2020.01.13-19.33.30:736][  0]LogTemp: Display: Module 'WindowsTargetPlatform' loaded TargetPlatform 'Windows'
[2020.01.13-19.33.30:829][  0]LogTemp: Display: Module 'AndroidTargetPlatform' loaded TargetPlatform 'Android'
[2020.01.13-19.33.30:829][  0]LogTemp: Display: Module 'AndroidTargetPlatform' loaded TargetPlatform 'Android_ASTC'
[2020.01.13-19.33.30:829][  0]LogTemp: Display: Module 'AndroidTargetPlatform' loaded TargetPlatform 'Android_ATC'
[2020.01.13-19.33.30:829][  0]LogTemp: Display: Module 'AndroidTargetPlatform' loaded TargetPlatform 'Android_DXT'
[2020.01.13-19.33.30:829][  0]LogTemp: Display: Module 'AndroidTargetPlatform' loaded TargetPlatform 'Android_ETC1'
[2020.01.13-19.33.30:829][  0]LogTemp: Display: Module 'AndroidTargetPlatform' loaded TargetPlatform 'Android_ETC1a'
[2020.01.13-19.33.30:829][  0]LogTemp: Display: Module 'AndroidTargetPlatform' loaded TargetPlatform 'Android_ETC2'
[2020.01.13-19.33.30:829][  0]LogTemp: Display: Module 'AndroidTargetPlatform' loaded TargetPlatform 'Android_PVRTC'
[2020.01.13-19.33.30:829][  0]LogTemp: Display: Module 'AndroidTargetPlatform' loaded TargetPlatform 'AndroidClient'
[2020.01.13-19.33.30:829][  0]LogTemp: Display: Module 'AndroidTargetPlatform' loaded TargetPlatform 'Android_ASTCClient'
[2020.01.13-19.33.30:830][  0]LogTemp: Display: Module 'AndroidTargetPlatform' loaded TargetPlatform 'Android_ATCClient'
[2020.01.13-19.33.30:830][  0]LogTemp: Display: Module 'AndroidTargetPlatform' loaded TargetPlatform 'Android_DXTClient'
[2020.01.13-19.33.30:830][  0]LogTemp: Display: Module 'AndroidTargetPlatform' loaded TargetPlatform 'Android_ETC1Client'
[2020.01.13-19.33.30:830][  0]LogTemp: Display: Module 'AndroidTargetPlatform' loaded TargetPlatform 'Android_ETC1aClient'
[2020.01.13-19.33.30:830][  0]LogTemp: Display: Module 'AndroidTargetPlatform' loaded TargetPlatform 'Android_ETC2Client'
[2020.01.13-19.33.30:830][  0]LogTemp: Display: Module 'AndroidTargetPlatform' loaded TargetPlatform 'Android_PVRTCClient'
[2020.01.13-19.33.30:830][  0]LogTemp: Display: Module 'AndroidTargetPlatform' loaded TargetPlatform 'Android_Multi'
[2020.01.13-19.33.30:830][  0]LogTemp: Display: Module 'AndroidTargetPlatform' loaded TargetPlatform 'Android_MultiClient'
[2020.01.13-19.33.30:836][  0]LogTemp: Display: Module 'HTML5TargetPlatform' loaded TargetPlatform 'HTML5'
[2020.01.13-19.33.30:892][  0]LogTemp: Display: Module 'IOSTargetPlatform' loaded TargetPlatform 'IOSClient'
[2020.01.13-19.33.30:892][  0]LogTemp: Display: Module 'IOSTargetPlatform' loaded TargetPlatform 'IOS'
[2020.01.13-19.33.30:919][  0]LogTemp: Display: Module 'TVOSTargetPlatform' loaded TargetPlatform 'TVOSClient'
[2020.01.13-19.33.30:919][  0]LogTemp: Display: Module 'TVOSTargetPlatform' loaded TargetPlatform 'TVOS'
[2020.01.13-19.33.30:932][  0]LogTemp: Display: Module 'LinuxClientTargetPlatform' loaded TargetPlatform 'LinuxClient'
[2020.01.13-19.33.30:946][  0]LogTemp: Display: Module 'LinuxNoEditorTargetPlatform' loaded TargetPlatform 'LinuxNoEditor'
[2020.01.13-19.33.30:960][  0]LogTemp: Display: Module 'LinuxServerTargetPlatform' loaded TargetPlatform 'LinuxServer'
[2020.01.13-19.33.30:993][  0]LogTemp: Display: Module 'LinuxTargetPlatform' loaded TargetPlatform 'Linux'
[2020.01.13-19.33.31:051][  0]LogTemp: Display: Module 'LuminTargetPlatform' loaded TargetPlatform 'Lumin'
[2020.01.13-19.33.31:051][  0]LogTemp: Display: Module 'LuminTargetPlatform' loaded TargetPlatform 'LuminClient'
[2020.01.13-19.33.31:051][  0]LogTargetPlatformManager: Display: Building Assets For Windows
[2020.01.13-19.33.31:075][  0]LogAudioDebug: Display: Lib vorbis DLL was dynamically loaded.
[2020.01.13-19.33.31:242][  0]LogShaderCompilers: Guid format shader working directory is -32 characters bigger than the processId version (../../../../../../Users/emily/Documents/GitHub/PlatformerDemo/tpPlatformer2020/Intermediate/Shaders/WorkingDirectory/1840/).
[2020.01.13-19.33.31:242][  0]LogShaderCompilers: Cleaned the shader compiler working directory 'C:/Users/emily/AppData/Local/Temp/UnrealShaderWorkingDir/7E529CBE4AE1F0511DE4978952464E43/'.
[2020.01.13-19.33.31:248][  0]LogXGEController: Cleaning working directory: C:/Users/emily/AppData/Local/Temp/UnrealXGEWorkingDir/
[2020.01.13-19.33.31:248][  0]LogXGEController: Cannot use XGE Controller as Incredibuild is not installed on this machine.
[2020.01.13-19.33.31:248][  0]LogShaderCompilers: Cannot use XGE Shader Compiler as Incredibuild is not installed on this machine.
[2020.01.13-19.33.31:248][  0]LogShaderCompilers: Display: Using Local Shader Compiler.
[2020.01.13-19.33.35:716][  0]LogDerivedDataCache: Display: Max Cache Size: 512 MB
[2020.01.13-19.33.35:847][  0]LogDerivedDataCache: Loaded boot cache 0.13s 73MB C:/Users/emily/AppData/Local/UnrealEngine/4.23/DerivedDataCache/Boot.ddc.
[2020.01.13-19.33.35:848][  0]LogDerivedDataCache: Display: Loaded Boot cache: C:/Users/emily/AppData/Local/UnrealEngine/4.23/DerivedDataCache/Boot.ddc
[2020.01.13-19.33.35:848][  0]LogDerivedDataCache: FDerivedDataBackendGraph:  Pak pak cache file ../../../../../../Users/emily/Documents/GitHub/PlatformerDemo/tpPlatformer2020/DerivedDataCache/DDC.ddp not found, will not use a pak cache.
[2020.01.13-19.33.35:848][  0]LogDerivedDataCache: Unable to find inner node Pak for hierarchical cache Hierarchy.
[2020.01.13-19.33.35:848][  0]LogDerivedDataCache: FDerivedDataBackendGraph:  CompressedPak pak cache file ../../../../../../Users/emily/Documents/GitHub/PlatformerDemo/tpPlatformer2020/DerivedDataCache/Compressed.ddp not found, will not use a pak cache.
[2020.01.13-19.33.35:848][  0]LogDerivedDataCache: Unable to find inner node CompressedPak for hierarchical cache Hierarchy.
[2020.01.13-19.33.35:866][  0]LogDerivedDataCache: Display: Pak cache opened for reading ../../../Engine/DerivedDataCache/Compressed.ddp.
[2020.01.13-19.33.35:866][  0]LogDerivedDataCache: FDerivedDataBackendGraph:  EnterprisePak pak cache file ../../../Enterprise/DerivedDataCache/Compressed.ddp not found, will not use a pak cache.
[2020.01.13-19.33.35:866][  0]LogDerivedDataCache: Unable to find inner node EnterprisePak for hierarchical cache Hierarchy.
[2020.01.13-19.33.35:868][  0]LogDerivedDataCache: Using Local data cache path C:/Users/emily/AppData/Local/UnrealEngine/Common/DerivedDataCache: Writable
[2020.01.13-19.33.35:868][  0]LogDerivedDataCache: Shared data cache path not found in *engine.ini, will not use an Shared cache.
[2020.01.13-19.33.35:868][  0]LogDerivedDataCache: Unable to find inner node Shared for hierarchical cache Hierarchy.
[2020.01.13-19.33.35:909][  0]LogMaterial: Verifying Global Shaders for PCD3D_SM5
[2020.01.13-19.33.35:912][  0]LogSlate: Using FreeType 2.6.0
[2020.01.13-19.33.35:936][  0]LogSlate: SlateFontServices - WITH_FREETYPE: 1, WITH_HARFBUZZ: 1
[2020.01.13-19.33.36:369][  0]LogAssetRegistry: FAssetRegistry took 0.0051 seconds to start up
[2020.01.13-19.33.37:016][  0]LogInit: Selected Device Profile: [Windows]
[2020.01.13-19.33.37:462][  0]LogMeshReduction: Using QuadricMeshReduction for automatic static mesh reduction
[2020.01.13-19.33.37:462][  0]LogMeshReduction: Using SimplygonMeshReduction for automatic skeletal mesh reduction
[2020.01.13-19.33.37:462][  0]LogMeshReduction: Using ProxyLODMeshReduction for automatic mesh merging
[2020.01.13-19.33.37:462][  0]LogMeshReduction: No distributed automatic mesh merging module available
[2020.01.13-19.33.37:462][  0]LogMeshMerging: No distributed automatic mesh merging module available
[2020.01.13-19.33.37:494][  0]LogNetVersion: tpPlatformer2020 1.0.0, NetCL: 8386587, EngineNetVer: 11, GameNetVer: 0 (Checksum: 138487982)
[2020.01.13-19.33.38:898][  0]LogPackageLocalizationCache: Processed 12 localized package path(s) for 1 prioritized culture(s) in 0.184474 seconds
[2020.01.13-19.33.38:913][  0]LogUObjectArray: 43444 objects as part of root set at end of initial load.
[2020.01.13-19.33.38:913][  0]LogUObjectAllocator: 7548648 out of 0 bytes used by permanent object pool.
[2020.01.13-19.33.38:913][  0]LogUObjectArray: CloseDisregardForGC: 0/0 objects in disregard for GC pool
[2020.01.13-19.33.44:847][  0]LogTcpMessaging: Initializing TcpMessaging bridge
[2020.01.13-19.33.44:857][  0]LogUdpMessaging: Initializing bridge on interface 0.0.0.0:0 to multicast group 230.0.0.1:6666.
[2020.01.13-19.33.45:027][  0]SourceControl: Source control is disabled
[2020.01.13-19.33.45:028][  0]SourceControl: Source control is disabled
[2020.01.13-19.33.45:038][  0]SourceControl: Source control is disabled
[2020.01.13-19.33.45:042][  0]SourceControl: Source control is disabled
[2020.01.13-19.33.45:369][  0]LogAndroidPermission: UAndroidPermissionCallbackProxy::GetInstance
[2020.01.13-19.33.45:604][  0]LogOcInput: OculusInput pre-init called
[2020.01.13-19.33.45:622][  0]LogWindows: Failed to load 'OVRPlugin.dll' (GetLastError=126)
[2020.01.13-19.33.45:622][  0]LogWindows: File 'OVRPlugin.dll' does not exist
[2020.01.13-19.33.45:852][  0]LogEngine: Initializing Engine...
[2020.01.13-19.33.45:858][  0]LogHMD: Failed to initialize OpenVR with code 110
[2020.01.13-19.33.45:863][  0]LogStats: UGameplayTagsManager::InitializeManager -  0.002 s
[2020.01.13-19.33.46:231][  0]LogInit: Initializing FReadOnlyCVARCache
[2020.01.13-19.33.46:304][  0]LogAIModule: Creating AISystem for world Untitled
[2020.01.13-19.33.46:637][  0]LogInit: XAudio2 using 'Speakers (Realtek High Definition Audio(SST))' : 2 channels at 48 kHz using 32 bits per sample (channel mask 0x3)
[2020.01.13-19.33.46:681][  0]LogInit: FAudioDevice initialized.
[2020.01.13-19.33.46:682][  0]LogNetVersion: Set ProjectVersion to 1.0.0.0. Version Checksum will be recalculated on next use.
[2020.01.13-19.33.46:773][  0]LogDerivedDataCache: Saved boot cache 0.09s 73MB C:/Users/emily/AppData/Local/UnrealEngine/4.23/DerivedDataCache/Boot.ddc.
[2020.01.13-19.33.46:788][  0]LogInit: Texture streaming: Enabled
[2020.01.13-19.33.46:830][  0]LogEngineSessionManager: EngineSessionManager initialized
[2020.01.13-19.33.46:830][  0]LogEditorSessionSummary: Verbose: Initializing EditorSessionSummaryWriter for editor session tracking
[2020.01.13-19.33.46:832][  0]LogEditorSessionSummary: EditorSessionSummaryWriter initialized
[2020.01.13-19.33.46:965][  0]LogInit: Transaction tracking system initialized
[2020.01.13-19.33.47:070][  0]BlueprintLog: New page: Editor Load
[2020.01.13-19.33.47:312][  0]LocalizationService: Localization service is disabled
[2020.01.13-19.33.47:835][  0]LogFileCache: Scanning file cache for directory 'C:/Users/emily/Documents/GitHub/PlatformerDemo/tpPlatformer2020/Content/' took 0.01s
[2020.01.13-19.33.47:835][  0]LogCook: Display: Max memory allowance for cook 16384mb min free memory 0mb
[2020.01.13-19.33.47:836][  0]LogCook: Display: Mobile HDR setting 1
[2020.01.13-19.33.48:329][  0]SourceControl: Source control is disabled
[2020.01.13-19.33.48:332][  0]Cmd: MAP LOAD FILE="../../../../../../Users/emily/Documents/GitHub/PlatformerDemo/tpPlatformer2020/Content/ThirdPersonBP/Maps/ThirdPersonExampleMap.umap" TEMPLATE=0 SHOWPROGRESS=1 FEATURELEVEL=3
[2020.01.13-19.33.48:334][  0]LightingResults: New page: Lighting Build
[2020.01.13-19.33.48:346][  0]LogWorld: UWorld::CleanupWorld for Untitled, bSessionEnded=true, bCleanupResources=true
[2020.01.13-19.33.48:346][  0]MapCheck: New page: Map Check
[2020.01.13-19.33.48:346][  0]LightingResults: New page: Lighting Build
[2020.01.13-19.33.48:395][  0]LogUObjectHash: Compacting FUObjectHashTables data took   3.13ms
[2020.01.13-19.33.49:622][  0]LogAIModule: Creating AISystem for world ThirdPersonExampleMap
[2020.01.13-19.33.49:712][  0]LogEditorServer: Finished looking for orphan Actors (0.000 secs)
[2020.01.13-19.33.49:758][  0]LogUObjectHash: Compacting FUObjectHashTables data took   2.71ms
[2020.01.13-19.33.49:758][  0]Cmd: MAP CHECKDEP NOCLEARLOG
[2020.01.13-19.33.49:759][  0]MapCheck: Map check complete: 0 Error(s), 0 Warning(s), took 0.221ms to complete.
[2020.01.13-19.33.49:759][  0]LogFileHelpers: Loading map 'ThirdPersonExampleMap' took 1.427
[2020.01.13-19.33.50:095][  0]LogSlate: Updating window title bar state: overlay mode, drag disabled, window buttons hidden, title bar hidden
[2020.01.13-19.33.50:117][  0]LogSlate: Updating window title bar state: overlay mode, drag disabled, window buttons hidden, title bar hidden
[2020.01.13-19.33.50:135][  0]LogSlate: Updating window title bar state: overlay mode, drag disabled, window buttons hidden, title bar hidden
[2020.01.13-19.33.50:150][  0]LogSlate: Updating window title bar state: overlay mode, drag disabled, window buttons hidden, title bar hidden
[2020.01.13-19.33.50:180][  0]LogCollectionManager: Loaded 0 collections in 0.004310 seconds
[2020.01.13-19.33.50:216][  0]LogFileCache: Scanning file cache for directory 'C:/Users/emily/Documents/GitHub/PlatformerDemo/tpPlatformer2020/Saved/Collections/' took 0.00s
[2020.01.13-19.33.50:217][  0]LogFileCache: Scanning file cache for directory 'C:/Users/emily/Documents/GitHub/PlatformerDemo/tpPlatformer2020/Content/Developers/emily/Collections/' took 0.00s
[2020.01.13-19.33.50:217][  0]LogFileCache: Scanning file cache for directory 'C:/Users/emily/Documents/GitHub/PlatformerDemo/tpPlatformer2020/Content/Collections/' took 0.00s
[2020.01.13-19.33.50:217][  0]LogCollectionManager: Rebuilt the GUID cache for 0 collections in 0.000005 seconds
[2020.01.13-19.33.50:243][  0]LogContentBrowser: Native class hierarchy populated in 0.0231 seconds. Added 2863 classes and 680 folders.
[2020.01.13-19.33.50:271][  0]LogContentBrowser: Native class hierarchy updated for 'WidgetCarousel' in 0.0004 seconds. Added 0 classes and 0 folders.
[2020.01.13-19.33.51:140][  0]LogContentBrowser: Native class hierarchy updated for 'AddContentDialog' in 0.0003 seconds. Added 0 classes and 0 folders.
[2020.01.13-19.33.51:164][  0]LogContentBrowser: Native class hierarchy updated for 'SceneOutliner' in 0.0004 seconds. Added 1 classes and 2 folders.
[2020.01.13-19.33.51:281][  0]LogSlate: Took 0.001914 seconds to synchronously load lazily loaded font '../../../Engine/Content/Slate/Fonts/Roboto-Regular.ttf' (155K)
[2020.01.13-19.33.51:286][  0]LogSlate: Took 0.000845 seconds to synchronously load lazily loaded font '../../../Engine/Content/Slate/Fonts/Roboto-Bold.ttf' (160K)
[2020.01.13-19.33.51:310][  0]LogSlate: Took 0.011867 seconds to synchronously load lazily loaded font '../../../Engine/Content/Editor/Slate/Fonts/FontAwesome.ttf' (139K)
[2020.01.13-19.33.51:670][  0]LogRenderer: Reallocating scene render targets to support 756x524 Format 10 NumSamples 1 (Frame:1).
[2020.01.13-19.33.52:506][  0]LogContentBrowser: Native class hierarchy updated for 'HierarchicalLODOutliner' in 0.0003 seconds. Added 0 classes and 0 folders.
[2020.01.13-19.33.52:506][  0]LogLoad: (Engine Initialization) Total time: 33.55 seconds
[2020.01.13-19.33.52:507][  0]LogLoad: (Engine Initialization) Total Blueprint compile time: 0.00 seconds
[2020.01.13-19.33.52:599][  0]LogContentStreaming: Texture pool size now 1000 MB
[2020.01.13-19.33.55:649][ 27]LogAssetRegistry: Asset discovery search completed in 19.2823 seconds
[2020.01.13-19.33.55:659][ 27]LogCollectionManager: Rebuilt the object cache for 0 collections in 0.000007 seconds (found 0 objects)
[2020.01.13-19.33.55:659][ 27]LogCollectionManager: Fixed up redirectors for 0 collections in 0.000093 seconds (updated 0 objects)
[2020.01.13-19.33.59:368][119]LogSlate: FSceneViewport::OnFocusLost() reason 0
[2020.01.13-19.34.02:939][251]LogEditorViewport: Clicking on Actor (LMB): StaticMeshActor (Floor)
[2020.01.13-19.34.15:279][618]LogSlate: FSceneViewport::OnFocusLost() reason 0
[2020.01.13-19.34.15:485][622]LogSlate: Took 0.010291 seconds to synchronously load lazily loaded font '../../../Engine/Content/Slate/Fonts/Roboto-Light.ttf' (167K)
[2020.01.13-19.34.15:504][622]LogAssetEditorManager: Opening Asset editor for Blueprint /Game/Blueprints/TPGame/TPGameHUD.TPGameHUD
[2020.01.13-19.34.16:181][622]LogContentBrowser: Native class hierarchy updated for 'BlueprintGraph' in 0.0008 seconds. Added 121 classes and 0 folders.
[2020.01.13-19.34.17:672][622]LogSlate: Took 0.012098 seconds to synchronously load lazily loaded font '../../../Engine/Content/Slate/Fonts/Roboto-BoldCondensed.ttf' (158K)
[2020.01.13-19.34.17:904][623]LogSlate: Took 0.012820 seconds to synchronously load lazily loaded font '../../../Engine/Content/Slate/Fonts/Roboto-Italic.ttf' (157K)
[2020.01.13-19.34.56:110][855]LogRenderer: Reallocating scene render targets to support 892x648 Format 10 NumSamples 1 (Frame:1).
[2020.01.13-19.35.01:600][937]LogSlate: FSceneViewport::OnFocusLost() reason 0
[2020.01.13-19.37.12:741][773]BlueprintLog: New page: Compile TPGameHUD
[2020.01.13-19.37.13:273][773]LogUObjectHash: Compacting FUObjectHashTables data took   5.03ms
[2020.01.13-19.38.06:276][103]BlueprintLog: New page: Compile TPGameHUD
[2020.01.13-19.38.06:648][103]LogUObjectHash: Compacting FUObjectHashTables data took   5.88ms
[2020.01.13-19.38.12:331][286]LogTemp: Repeating last play command: Selected Viewport
[2020.01.13-19.38.12:364][286]LogBlueprintUserMessages: Early PlayInEditor Detection: Level '/Game/ThirdPersonBP/Maps/ThirdPersonExampleMap.ThirdPersonExampleMap:PersistentLevel' has LevelScriptBlueprint '/Game/ThirdPersonBP/Maps/ThirdPersonExampleMap.ThirdPersonExampleMap:PersistentLevel.ThirdPersonExampleMap' with GeneratedClass '/Game/ThirdPersonBP/Maps/ThirdPersonExampleMap.ThirdPersonExampleMap_C' with ClassGeneratedBy '/Game/ThirdPersonBP/Maps/ThirdPersonExampleMap.ThirdPersonExampleMap:PersistentLevel.ThirdPersonExampleMap'
[2020.01.13-19.38.12:367][286]LogPlayLevel: PlayLevel: No blueprints needed recompiling
[2020.01.13-19.38.12:382][286]PIE: New page: PIE session: ThirdPersonExampleMap (Jan 13, 2020, 3:38:12 AM)
[2020.01.13-19.38.12:399][286]LogOnline: OSS: Creating online subsystem instance for: NULL
[2020.01.13-19.38.12:408][286]LogPlayLevel: Creating play world package: /Game/ThirdPersonBP/Maps/UEDPIE_0_ThirdPersonExampleMap
[2020.01.13-19.38.12:464][286]LogPlayLevel: PIE: StaticDuplicateObject took: (0.055676s)
[2020.01.13-19.38.12:475][286]LogAIModule: Creating AISystem for world ThirdPersonExampleMap
[2020.01.13-19.38.12:481][286]LogPlayLevel: PIE: World Init took: (0.016785s)
[2020.01.13-19.38.12:482][286]LogPlayLevel: PIE: Created PIE world by copying editor world from /Game/ThirdPersonBP/Maps/ThirdPersonExampleMap.ThirdPersonExampleMap to /Game/ThirdPersonBP/Maps/UEDPIE_0_ThirdPersonExampleMap.ThirdPersonExampleMap (0.074012s)
[2020.01.13-19.38.12:533][286]LogUObjectHash: Compacting FUObjectHashTables data took   5.59ms
[2020.01.13-19.38.12:558][286]LogInit: XAudio2 using 'Speakers (Realtek High Definition Audio(SST))' : 2 channels at 48 kHz using 32 bits per sample (channel mask 0x3)
[2020.01.13-19.38.12:600][286]LogInit: FAudioDevice initialized.
[2020.01.13-19.38.12:628][286]LogLoad: Game class is 'ThirdPersonGameMode_C'
[2020.01.13-19.38.12:675][286]LogWorld: Bringing World /Game/ThirdPersonBP/Maps/UEDPIE_0_ThirdPersonExampleMap.ThirdPersonExampleMap up for play (max tick rate 0) at 2020.01.13-11.38.12
[2020.01.13-19.38.12:679][286]LogWorld: Bringing up level for play took: 0.034189
[2020.01.13-19.38.12:684][286]LogOnline: OSS: Creating online subsystem instance for: :Context_5
[2020.01.13-19.38.12:744][286]LogContentBrowser: Native class hierarchy updated for 'MovieSceneCapture' in 0.0009 seconds. Added 20 classes and 0 folders.
[2020.01.13-19.38.12:751][286]PIE: Play in editor start time for /Game/ThirdPersonBP/Maps/UEDPIE_0_ThirdPersonExampleMap -0.096
[2020.01.13-19.38.12:752][286]LogBlueprintUserMessages: Late PlayInEditor Detection: Level '/Game/ThirdPersonBP/Maps/ThirdPersonExampleMap.ThirdPersonExampleMap:PersistentLevel' has LevelScriptBlueprint '/Game/ThirdPersonBP/Maps/ThirdPersonExampleMap.ThirdPersonExampleMap:PersistentLevel.ThirdPersonExampleMap' with GeneratedClass '/Game/ThirdPersonBP/Maps/ThirdPersonExampleMap.ThirdPersonExampleMap_C' with ClassGeneratedBy '/Game/ThirdPersonBP/Maps/ThirdPersonExampleMap.ThirdPersonExampleMap:PersistentLevel.ThirdPersonExampleMap'
[2020.01.13-19.38.27:233][753]LogBlueprintUserMessages: Early EndPlayMap Detection: Level '/Game/ThirdPersonBP/Maps/ThirdPersonExampleMap.ThirdPersonExampleMap:PersistentLevel' has LevelScriptBlueprint '/Game/ThirdPersonBP/Maps/ThirdPersonExampleMap.ThirdPersonExampleMap:PersistentLevel.ThirdPersonExampleMap' with GeneratedClass '/Game/ThirdPersonBP/Maps/ThirdPersonExampleMap.ThirdPersonExampleMap_C' with ClassGeneratedBy '/Game/ThirdPersonBP/Maps/ThirdPersonExampleMap.ThirdPersonExampleMap:PersistentLevel.ThirdPersonExampleMap'
[2020.01.13-19.38.27:234][753]LogSlate: Updating window title bar state: overlay mode, drag disabled, window buttons hidden, title bar hidden
[2020.01.13-19.38.27:235][753]LogWorld: BeginTearingDown for /Game/ThirdPersonBP/Maps/UEDPIE_0_ThirdPersonExampleMap
[2020.01.13-19.38.27:237][753]LogWorld: UWorld::CleanupWorld for ThirdPersonExampleMap, bSessionEnded=true, bCleanupResources=true
[2020.01.13-19.38.27:299][753]LogPlayLevel: Display: Shutting down PIE online subsystems
[2020.01.13-19.38.27:301][753]LogBlueprintUserMessages: Late EndPlayMap Detection: Level '/Game/ThirdPersonBP/Maps/ThirdPersonExampleMap.ThirdPersonExampleMap:PersistentLevel' has LevelScriptBlueprint '/Game/ThirdPersonBP/Maps/ThirdPersonExampleMap.ThirdPersonExampleMap:PersistentLevel.ThirdPersonExampleMap' with GeneratedClass '/Game/ThirdPersonBP/Maps/ThirdPersonExampleMap.ThirdPersonExampleMap_C' with ClassGeneratedBy '/Game/ThirdPersonBP/Maps/ThirdPersonExampleMap.ThirdPersonExampleMap:PersistentLevel.ThirdPersonExampleMap'
[2020.01.13-19.38.27:375][753]LogSlate: Updating window title bar state: overlay mode, drag disabled, window buttons hidden, title bar hidden
[2020.01.13-19.38.27:436][753]LogUObjectHash: Compacting FUObjectHashTables data took   9.37ms
[2020.01.13-19.38.27:478][754]LogPlayLevel: Display: Destroying online subsystem :Context_5
[2020.01.13-19.38.39:927][148]LogSlate: FSceneViewport::OnFocusLost() reason 5
[2020.01.13-19.39.43:961][701]BlueprintLog: New page: Compile TPGameHUD
[2020.01.13-19.39.44:483][701]LogUObjectHash: Compacting FUObjectHashTables data took   7.98ms
[2020.01.13-19.39.58:910][ 79]LogTemp: Repeating last play command: Selected Viewport
[2020.01.13-19.39.58:958][ 79]LogBlueprintUserMessages: Early PlayInEditor Detection: Level '/Game/ThirdPersonBP/Maps/ThirdPersonExampleMap.ThirdPersonExampleMap:PersistentLevel' has LevelScriptBlueprint '/Game/ThirdPersonBP/Maps/ThirdPersonExampleMap.ThirdPersonExampleMap:PersistentLevel.ThirdPersonExampleMap' with GeneratedClass '/Game/ThirdPersonBP/Maps/ThirdPersonExampleMap.ThirdPersonExampleMap_C' with ClassGeneratedBy '/Game/ThirdPersonBP/Maps/ThirdPersonExampleMap.ThirdPersonExampleMap:PersistentLevel.ThirdPersonExampleMap'
[2020.01.13-19.39.58:958][ 79]LogPlayLevel: PlayLevel: No blueprints needed recompiling
[2020.01.13-19.39.58:958][ 79]PIE: New page: PIE session: ThirdPersonExampleMap (Jan 13, 2020, 3:39:58 AM)
[2020.01.13-19.39.58:958][ 79]LogPlayLevel: Creating play world package: /Game/ThirdPersonBP/Maps/UEDPIE_0_ThirdPersonExampleMap
[2020.01.13-19.39.59:000][ 79]LogPlayLevel: PIE: StaticDuplicateObject took: (0.041263s)
[2020.01.13-19.39.59:002][ 79]LogAIModule: Creating AISystem for world ThirdPersonExampleMap
[2020.01.13-19.39.59:003][ 79]LogPlayLevel: PIE: World Init took: (0.003266s)
[2020.01.13-19.39.59:003][ 79]LogPlayLevel: PIE: Created PIE world by copying editor world from /Game/ThirdPersonBP/Maps/ThirdPersonExampleMap.ThirdPersonExampleMap to /Game/ThirdPersonBP/Maps/UEDPIE_0_ThirdPersonExampleMap.ThirdPersonExampleMap (0.045001s)
[2020.01.13-19.39.59:077][ 79]LogUObjectHash: Compacting FUObjectHashTables data took  12.05ms
[2020.01.13-19.39.59:090][ 79]LogInit: XAudio2 using 'Speakers (Realtek High Definition Audio(SST))' : 2 channels at 48 kHz using 32 bits per sample (channel mask 0x3)
[2020.01.13-19.39.59:133][ 79]LogInit: FAudioDevice initialized.
[2020.01.13-19.39.59:151][ 79]LogLoad: Game class is 'ThirdPersonGameMode_C'
[2020.01.13-19.39.59:156][ 79]LogWorld: Bringing World /Game/ThirdPersonBP/Maps/UEDPIE_0_ThirdPersonExampleMap.ThirdPersonExampleMap up for play (max tick rate 0) at 2020.01.13-11.39.59
[2020.01.13-19.39.59:156][ 79]LogWorld: Bringing up level for play took: 0.003370
[2020.01.13-19.39.59:156][ 79]LogOnline: OSS: Creating online subsystem instance for: :Context_6
[2020.01.13-19.39.59:161][ 79]PIE: Play in editor start time for /Game/ThirdPersonBP/Maps/UEDPIE_0_ThirdPersonExampleMap 0.313
[2020.01.13-19.39.59:161][ 79]LogBlueprintUserMessages: Late PlayInEditor Detection: Level '/Game/ThirdPersonBP/Maps/ThirdPersonExampleMap.ThirdPersonExampleMap:PersistentLevel' has LevelScriptBlueprint '/Game/ThirdPersonBP/Maps/ThirdPersonExampleMap.ThirdPersonExampleMap:PersistentLevel.ThirdPersonExampleMap' with GeneratedClass '/Game/ThirdPersonBP/Maps/ThirdPersonExampleMap.ThirdPersonExampleMap_C' with ClassGeneratedBy '/Game/ThirdPersonBP/Maps/ThirdPersonExampleMap.ThirdPersonExampleMap:PersistentLevel.ThirdPersonExampleMap'
[2020.01.13-19.40.21:633][656]LogBlueprintUserMessages: Early EndPlayMap Detection: Level '/Game/ThirdPersonBP/Maps/ThirdPersonExampleMap.ThirdPersonExampleMap:PersistentLevel' has LevelScriptBlueprint '/Game/ThirdPersonBP/Maps/ThirdPersonExampleMap.ThirdPersonExampleMap:PersistentLevel.ThirdPersonExampleMap' with GeneratedClass '/Game/ThirdPersonBP/Maps/ThirdPersonExampleMap.ThirdPersonExampleMap_C' with ClassGeneratedBy '/Game/ThirdPersonBP/Maps/ThirdPersonExampleMap.ThirdPersonExampleMap:PersistentLevel.ThirdPersonExampleMap'
[2020.01.13-19.40.21:633][656]LogSlate: Updating window title bar state: overlay mode, drag disabled, window buttons hidden, title bar hidden
[2020.01.13-19.40.21:633][656]LogWorld: BeginTearingDown for /Game/ThirdPersonBP/Maps/UEDPIE_0_ThirdPersonExampleMap
[2020.01.13-19.40.21:633][656]LogWorld: UWorld::CleanupWorld for ThirdPersonExampleMap, bSessionEnded=true, bCleanupResources=true
[2020.01.13-19.40.21:738][656]LogPlayLevel: Display: Shutting down PIE online subsystems
[2020.01.13-19.40.21:739][656]LogBlueprintUserMessages: Late EndPlayMap Detection: Level '/Game/ThirdPersonBP/Maps/ThirdPersonExampleMap.ThirdPersonExampleMap:PersistentLevel' has LevelScriptBlueprint '/Game/ThirdPersonBP/Maps/ThirdPersonExampleMap.ThirdPersonExampleMap:PersistentLevel.ThirdPersonExampleMap' with GeneratedClass '/Game/ThirdPersonBP/Maps/ThirdPersonExampleMap.ThirdPersonExampleMap_C' with ClassGeneratedBy '/Game/ThirdPersonBP/Maps/ThirdPersonExampleMap.ThirdPersonExampleMap:PersistentLevel.ThirdPersonExampleMap'
[2020.01.13-19.40.21:821][656]LogSlate: Updating window title bar state: overlay mode, drag disabled, window buttons hidden, title bar hidden
[2020.01.13-19.40.21:831][656]LogUObjectHash: Compacting FUObjectHashTables data took   8.18ms
[2020.01.13-19.40.21:893][657]LogPlayLevel: Display: Destroying online subsystem :Context_6
[2020.01.13-19.40.33:600][935]LogSlate: FSceneViewport::OnFocusLost() reason 0
[2020.01.13-19.40.33:677][937]LogTemp: Repeating last play command: Selected Viewport
[2020.01.13-19.40.33:730][937]LogBlueprintUserMessages: Early PlayInEditor Detection: Level '/Game/ThirdPersonBP/Maps/ThirdPersonExampleMap.ThirdPersonExampleMap:PersistentLevel' has LevelScriptBlueprint '/Game/ThirdPersonBP/Maps/ThirdPersonExampleMap.ThirdPersonExampleMap:PersistentLevel.ThirdPersonExampleMap' with GeneratedClass '/Game/ThirdPersonBP/Maps/ThirdPersonExampleMap.ThirdPersonExampleMap_C' with ClassGeneratedBy '/Game/ThirdPersonBP/Maps/ThirdPersonExampleMap.ThirdPersonExampleMap:PersistentLevel.ThirdPersonExampleMap'
[2020.01.13-19.40.33:730][937]LogPlayLevel: PlayLevel: No blueprints needed recompiling
[2020.01.13-19.40.33:730][937]PIE: New page: PIE session: ThirdPersonExampleMap (Jan 13, 2020, 3:40:33 AM)
[2020.01.13-19.40.33:731][937]LogPlayLevel: Creating play world package: /Game/ThirdPersonBP/Maps/UEDPIE_0_ThirdPersonExampleMap
[2020.01.13-19.40.33:761][937]LogPlayLevel: PIE: StaticDuplicateObject took: (0.030533s)
[2020.01.13-19.40.33:764][937]LogAIModule: Creating AISystem for world ThirdPersonExampleMap
[2020.01.13-19.40.33:765][937]LogPlayLevel: PIE: World Init took: (0.003680s)
[2020.01.13-19.40.33:765][937]LogPlayLevel: PIE: Created PIE world by copying editor world from /Game/ThirdPersonBP/Maps/ThirdPersonExampleMap.ThirdPersonExampleMap to /Game/ThirdPersonBP/Maps/UEDPIE_0_ThirdPersonExampleMap.ThirdPersonExampleMap (0.034776s)
[2020.01.13-19.40.33:836][937]LogUObjectHash: Compacting FUObjectHashTables data took   6.15ms
[2020.01.13-19.40.33:847][937]LogInit: XAudio2 using 'Speakers (Realtek High Definition Audio(SST))' : 2 channels at 48 kHz using 32 bits per sample (channel mask 0x3)
[2020.01.13-19.40.33:889][937]LogInit: FAudioDevice initialized.
[2020.01.13-19.40.33:904][937]LogLoad: Game class is 'ThirdPersonGameMode_C'
[2020.01.13-19.40.33:908][937]LogWorld: Bringing World /Game/ThirdPersonBP/Maps/UEDPIE_0_ThirdPersonExampleMap.ThirdPersonExampleMap up for play (max tick rate 0) at 2020.01.13-11.40.33
[2020.01.13-19.40.33:909][937]LogWorld: Bringing up level for play took: 0.003759
[2020.01.13-19.40.33:910][937]LogOnline: OSS: Creating online subsystem instance for: :Context_7
[2020.01.13-19.40.33:914][937]PIE: Play in editor start time for /Game/ThirdPersonBP/Maps/UEDPIE_0_ThirdPersonExampleMap 1.066
[2020.01.13-19.40.33:914][937]LogBlueprintUserMessages: Late PlayInEditor Detection: Level '/Game/ThirdPersonBP/Maps/ThirdPersonExampleMap.ThirdPersonExampleMap:PersistentLevel' has LevelScriptBlueprint '/Game/ThirdPersonBP/Maps/ThirdPersonExampleMap.ThirdPersonExampleMap:PersistentLevel.ThirdPersonExampleMap' with GeneratedClass '/Game/ThirdPersonBP/Maps/ThirdPersonExampleMap.ThirdPersonExampleMap_C' with ClassGeneratedBy '/Game/ThirdPersonBP/Maps/ThirdPersonExampleMap.ThirdPersonExampleMap:PersistentLevel.ThirdPersonExampleMap'
[2020.01.13-19.40.55:640][485]LogBlueprintUserMessages: Early EndPlayMap Detection: Level '/Game/ThirdPersonBP/Maps/ThirdPersonExampleMap.ThirdPersonExampleMap:PersistentLevel' has LevelScriptBlueprint '/Game/ThirdPersonBP/Maps/ThirdPersonExampleMap.ThirdPersonExampleMap:PersistentLevel.ThirdPersonExampleMap' with GeneratedClass '/Game/ThirdPersonBP/Maps/ThirdPersonExampleMap.ThirdPersonExampleMap_C' with ClassGeneratedBy '/Game/ThirdPersonBP/Maps/ThirdPersonExampleMap.ThirdPersonExampleMap:PersistentLevel.ThirdPersonExampleMap'
[2020.01.13-19.40.55:640][485]LogSlate: Updating window title bar state: overlay mode, drag disabled, window buttons hidden, title bar hidden
[2020.01.13-19.40.55:640][485]LogWorld: BeginTearingDown for /Game/ThirdPersonBP/Maps/UEDPIE_0_ThirdPersonExampleMap
[2020.01.13-19.40.55:641][485]LogWorld: UWorld::CleanupWorld for ThirdPersonExampleMap, bSessionEnded=true, bCleanupResources=true
[2020.01.13-19.40.55:738][485]LogPlayLevel: Display: Shutting down PIE online subsystems
[2020.01.13-19.40.55:739][485]LogBlueprintUserMessages: Late EndPlayMap Detection: Level '/Game/ThirdPersonBP/Maps/ThirdPersonExampleMap.ThirdPersonExampleMap:PersistentLevel' has LevelScriptBlueprint '/Game/ThirdPersonBP/Maps/ThirdPersonExampleMap.ThirdPersonExampleMap:PersistentLevel.ThirdPersonExampleMap' with GeneratedClass '/Game/ThirdPersonBP/Maps/ThirdPersonExampleMap.ThirdPersonExampleMap_C' with ClassGeneratedBy '/Game/ThirdPersonBP/Maps/ThirdPersonExampleMap.ThirdPersonExampleMap:PersistentLevel.ThirdPersonExampleMap'
[2020.01.13-19.40.55:816][485]LogSlate: Updating window title bar state: overlay mode, drag disabled, window buttons hidden, title bar hidden
[2020.01.13-19.40.55:824][485]LogUObjectHash: Compacting FUObjectHashTables data took   5.93ms
[2020.01.13-19.40.55:881][486]LogPlayLevel: Display: Destroying online subsystem :Context_7
[2020.01.13-19.41.00:949][611]LogSlate: FSceneViewport::OnFocusLost() reason 0
[2020.01.13-19.42.52:684][541]LogEditorSessionSummary: EditorSessionSummary sent report. Type=Shutdown, SessionId={9EA6F416-42C3-B52F-9058-C080F5D3F4B1}
[2020.01.13-19.43.00:364][753]Cmd: CAMERA ALIGN ACTIVEVIEWPORTONLY
[2020.01.13-19.43.04:508][753]LogSlate: Window 'Open external link' being destroyed
[2020.01.13-19.43.08:025][796]LogSlate: Window 'Open external link' being destroyed
[2020.01.13-19.43.12:570][929]Cmd: DELETE
[2020.01.13-19.43.12:570][929]Cmd: ACTOR DELETE
[2020.01.13-19.43.12:598][929]LogEditorActor: Deleted Actor: DocumentationActor
[2020.01.13-19.43.12:655][929]LogUObjectHash: Compacting FUObjectHashTables data took   3.91ms
[2020.01.13-19.43.12:655][929]LogEditorActor: Deleted 1 Actors (0.060 secs)
[2020.01.13-19.43.13:685][960]LogSlate: FSceneViewport::OnFocusLost() reason 0
[2020.01.13-19.43.27:768][309]LogEditorViewport: Clicking on Actor (LMB): LightmassImportanceVolume (LightmassImportanceVolume)
[2020.01.13-19.43.32:849][444]LogSlate: FSceneViewport::OnFocusLost() reason 0
[2020.01.13-19.44.16:795][249]LogEditorViewport: Clicking on Actor (LMB): collectable_C (collectable)
[2020.01.13-19.44.28:324][531]LogEditorViewport: Clicking on Actor (LMB): ThirdPersonCharacter_C (ThirdPersonCharacter)
[2020.01.13-19.44.31:739][588]LogEditorViewport: Clicking on Actor (LMB): StaticMeshActor (Floor)
[2020.01.13-19.44.33:130][616]LogSlate: FSceneViewport::OnFocusLost() reason 5
[2020.01.13-19.44.33:285][616]LogUObjectHash: Compacting FUObjectHashTables data took   8.51ms
[2020.01.13-19.44.33:839][616]LogSavePackage: Moving '../../../../../../Users/emily/Documents/GitHub/PlatformerDemo/tpPlatformer2020/Saved/ThirdPersonExampleMap1234E35F48088F098265749B23669963.tmp' to '../../../../../../Users/emily/Documents/GitHub/PlatformerDemo/tpPlatformer2020/Content/ThirdPersonBP/Maps/ThirdPersonExampleMap.umap'
[2020.01.13-19.44.34:206][616]LogSavePackage: Moving '../../../../../../Users/emily/Documents/GitHub/PlatformerDemo/tpPlatformer2020/Saved/ThirdPersonExampleMap_BuiltData036F52074170D007D99496B9ABE42DC7.tmp' to '../../../../../../Users/emily/Documents/GitHub/PlatformerDemo/tpPlatformer2020/Content/ThirdPersonBP/Maps/ThirdPersonExampleMap_BuiltData.uasset'
[2020.01.13-19.45.58:150][207]LogEditorViewport: Clicking on Actor (LMB): BP_Sky_Sphere_C (SkySphereBlueprint)
[2020.01.13-19.46.03:599][336]LogEditorViewport: Clicking on Actor (LMB): StaticMeshActor (Floor)
[2020.01.13-19.46.06:125][395]LogEditorViewport: Clicking on Actor (LMB): StaticMeshActor (Floor)
[2020.01.13-19.46.06:246][395]LogEditorViewport: Clicking on Component (LMB): StaticMeshComponent (StaticMeshComponent0)
[2020.01.13-19.46.17:309][592]LogSlate: FSceneViewport::OnFocusLost() reason 5
[2020.01.13-19.46.35:976][977]LogSlate: FSceneViewport::OnFocusLost() reason 0
[2020.01.13-19.48.00:665][518]LogSlate: FSceneViewport::OnFocusLost() reason 0
[2020.01.13-19.48.39:450][392]LogActorFactory: Actor Factory created SM_Door
[2020.01.13-19.48.42:559][461]LogActorFactory: Actor Factory created SM_Door
[2020.01.13-19.49.18:273][260]LogD3D11RHI: Timed out while waiting for GPU to catch up. (0.5 s) (ErrorCode 00000001)
